FILE_TYPE=LIBRARY_PARTS;
PRIMITIVE '0ZCH0110AF2E','0ZCH0110AF2E_Fuses Chip';
  PIN
    '1':
      PIN_NUMBER='(1)';
      NO_LOAD_CHECK=BOTH;
      NO_IO_CHECK=BOTH;
      ALLOW_CONNECT=TRUE;
      PINUSE='UNSPEC';
    '2':
      PIN_NUMBER='(2)';
      NO_LOAD_CHECK=BOTH;
      NO_IO_CHECK=BOTH;
      ALLOW_CONNECT=TRUE;
      PINUSE='UNSPEC';
  END_PIN;
  BODY
    PART_NAME='0ZCH0110AF2E';
    PHYS_DES_PREFIX='F';
    NO_LOAD_CHECK='TRUE';
    PIN_COUNT='2';
    BODY_NAME='0ZCH0110AF2E';
    JEDEC_TYPE='FUSC3226X100N';
  END_BODY;
END_PRIMITIVE;
END.
